[debug] [2022-11-29T12:17:06.062Z] ----------------------------------------------------------------------
[debug] [2022-11-29T12:17:06.073Z] Command:       C:\Program Files\nodejs\node.exe C:\Users\Godwin\AppData\Roaming\npm\node_modules\firebase-tools\lib\bin\firebase.js init
[debug] [2022-11-29T12:17:06.076Z] CLI Version:   11.14.2
[debug] [2022-11-29T12:17:06.077Z] Platform:      win32
[debug] [2022-11-29T12:17:06.078Z] Node Version:  v16.13.1
[debug] [2022-11-29T12:17:06.217Z] Time:          Tue Nov 29 2022 13:17:06 GMT+0100 (West Africa Standard Time)
[debug] [2022-11-29T12:17:06.219Z] ----------------------------------------------------------------------
[debug] 
[debug] [2022-11-29T12:17:06.248Z] >>> [apiv2][query] GET https://firebase-public.firebaseio.com/cli.json [none]
[debug] [2022-11-29T12:17:06.743Z] > command requires scopes: ["email","openid","https://www.googleapis.com/auth/cloudplatformprojects.readonly","https://www.googleapis.com/auth/firebase","https://www.googleapis.com/auth/cloud-platform"]
[debug] [2022-11-29T12:17:06.744Z] > authorizing via signed-in user (ghorizongroups@gmail.com)
[info] 
     ######## #### ########  ######## ########     ###     ######  ########
     ##        ##  ##     ## ##       ##     ##  ##   ##  ##       ##
     ######    ##  ########  ######   ########  #########  ######  ######
     ##        ##  ##    ##  ##       ##     ## ##     ##       ## ##
     ##       #### ##     ## ######## ########  ##     ##  ######  ########

You're about to initialize a Firebase project in this directory:

  C:\Users\Godwin\Documents\FOODMIE DASHBOARD\foodmieadmin

Before we get started, keep in mind:

  * You are initializing within an existing Firebase project directory

